# PRE-CONFIG
interface vlan3330
 no shutdown
# POST-CONFIG
hostname SW1
!
interface vlan1
 no shutdown
 no ip address
!
interface mgmt1/1/1
 no shutdown
 no ip address
 ip address 10.30.1.101/24
!
interface vlan10
 no shutdown
 ip address 10.10.10.10/24
!
interface vlan11
 no shutdown
!
interface vlan12
 no shutdown
!
interface vlan13
 no shutdown
!
interface vlan14
 no shutdown
!
interface vlan15
 no shutdown
!
interface vlan16
 no shutdown
!
interface vlan17
 no shutdown
!
interface vlan18
 no shutdown
!
interface vlan19
 no shutdown
!
